<?xml version="1.0" encoding="UTF-8"?>
<!-- Generated by org.testng.reporters.JUnitReportReporter -->
<testsuite skipped="0" hostname="LAPTOP-OL3GGV0J" name="com.framework.flightbooking.LoginTest" tests="1" failures="0" timestamp="24 Jun 2019 07:39:41 GMT" time="35.897" errors="0">
  <testcase name="doLoginTest" time="35.897" classname="com.framework.flightbooking.LoginTest"/>
</testsuite> <!-- com.framework.flightbooking.LoginTest -->
