<?xml version="1.0" encoding="UTF-8"?>
<!-- Generated by org.testng.reporters.JUnitReportReporter -->
<testsuite skipped="0" hostname="LAPTOP-OL3GGV0J" name="com.framework.flightbooking.FlightTest" tests="1" failures="0" timestamp="24 Jun 2019 11:48:40 GMT" time="28.100" errors="0">
  <testcase name="bookFlightTest" time="28.100" classname="com.framework.flightbooking.FlightTest"/>
</testsuite> <!-- com.framework.flightbooking.FlightTest -->
